Time[ps]      Etot[eV]     Epot[eV]     Ekin[eV]    T[K]
0.0000          -18.514      -26.054        7.540   303.8
0.1000          -19.727      -26.758        7.031   283.3
0.2000          -20.285      -27.258        6.973   280.9
0.3000          -19.862      -27.081        7.219   290.9
0.4000          -19.655      -27.564        7.909   318.7
0.5000          -19.499      -26.636        7.137   287.6
0.6000          -20.086      -27.052        6.967   280.7
0.7000          -20.078      -26.917        6.839   275.6
0.8000          -19.599      -27.102        7.503   302.3
0.9000          -20.386      -27.125        6.739   271.5
1.0000          -19.945      -27.229        7.284   293.5
1.1000          -19.540      -26.487        6.947   279.9
1.2000          -20.173      -27.131        6.957   280.3
1.3000          -19.325      -27.063        7.738   311.8
1.4000          -20.181      -27.170        6.990   281.6
1.5000          -19.409      -27.292        7.883   317.6
1.6000          -19.886      -27.246        7.360   296.6
1.7000          -20.583      -27.162        6.578   265.1
1.8000          -18.482      -26.897        8.416   339.1
1.9000          -20.184      -27.309        7.125   287.1
2.0000          -20.191      -27.055        6.865   276.6
2.1000          -19.444      -26.766        7.322   295.0
2.2000          -19.925      -27.049        7.124   287.1
2.3000          -19.452      -27.160        7.708   310.6
2.4000          -20.488      -27.293        6.805   274.2
2.5000          -19.749      -26.874        7.125   287.1
2.6000          -19.392      -27.345        7.953   320.5
2.7000          -19.904      -26.889        6.985   281.5
2.8000          -20.384      -27.574        7.189   289.7
2.9000          -20.016      -27.008        6.992   281.7
3.0000          -19.788      -27.214        7.426   299.2
3.1000          -19.386      -26.291        6.905   278.2
3.2000          -21.091      -27.355        6.264   252.4
3.3000          -19.347      -27.081        7.735   311.7
3.4000          -20.255      -26.897        6.642   267.6
3.5000          -19.336      -26.760        7.424   299.1
3.6000          -19.550      -27.345        7.795   314.1
3.7000          -21.192      -28.177        6.985   281.5
3.8000          -19.685      -26.924        7.239   291.7
3.9000          -20.117      -27.389        7.272   293.0
4.0000          -20.154      -27.596        7.441   299.8
4.1000          -19.509      -27.269        7.760   312.7
4.2000          -20.797      -27.478        6.681   269.2
4.3000          -19.536      -26.774        7.238   291.6
4.4000          -20.813      -27.410        6.597   265.8
4.5000          -18.861      -26.867        8.006   322.6
4.6000          -19.693      -26.991        7.298   294.1
4.7000          -19.642      -27.104        7.462   300.7
4.8000          -19.825      -26.843        7.018   282.8
4.9000          -19.967      -27.272        7.305   294.4
5.0000          -19.753      -27.139        7.385   297.6
5.1000          -19.961      -27.153        7.192   289.8
5.2000          -20.003      -27.181        7.178   289.2
5.3000          -20.499      -27.539        7.040   283.7
5.4000          -19.680      -26.927        7.247   292.0
5.5000          -20.029      -27.446        7.417   298.9
5.6000          -20.159      -27.453        7.295   293.9
5.7000          -20.474      -27.215        6.741   271.6
5.8000          -20.617      -27.649        7.032   283.4
5.9000          -20.540      -27.472        6.932   279.3
6.0000          -20.601      -27.638        7.037   283.6
6.1000          -19.827      -27.150        7.323   295.1
6.2000          -21.114      -27.394        6.279   253.0
6.3000          -20.443      -27.658        7.216   290.7
6.4000          -20.271      -27.781        7.510   302.6
6.5000          -21.201      -27.567        6.366   256.5
6.6000          -19.700      -27.407        7.706   310.5
6.7000          -20.284      -27.834        7.550   304.2
6.8000          -20.462      -27.563        7.101   286.1
6.9000          -20.138      -27.104        6.967   280.7
7.0000          -20.016      -27.007        6.992   281.7
7.1000          -19.933      -27.489        7.556   304.5
7.2000          -20.365      -27.443        7.078   285.2
7.3000          -19.973      -27.324        7.351   296.2
7.4000          -19.486      -26.897        7.410   298.6
7.5000          -20.533      -27.401        6.867   276.7
7.6000          -20.579      -27.341        6.761   272.4
7.7000          -19.647      -26.981        7.335   295.5
7.8000          -20.254      -27.411        7.157   288.4
7.9000          -20.294      -27.693        7.399   298.1
8.0000          -19.317      -26.756        7.439   299.7
8.1000          -20.739      -27.387        6.648   267.9
8.2000          -19.517      -27.015        7.498   302.1
8.3000          -19.844      -27.512        7.668   309.0
8.4000          -21.155      -27.748        6.593   265.7
8.5000          -19.258      -27.397        8.139   327.9
8.6000          -20.664      -27.911        7.247   292.0
8.7000          -19.809      -27.119        7.310   294.5
8.8000          -19.874      -26.877        7.003   282.2
8.9000          -20.100      -27.639        7.539   303.8
9.0000          -20.345      -27.339        6.994   281.8
9.1000          -19.834      -27.533        7.699   310.2
9.2000          -20.469      -27.753        7.284   293.5
9.3000          -20.212      -27.371        7.159   288.5
9.4000          -19.900      -27.033        7.133   287.4
9.5000          -20.996      -27.776        6.780   273.2
9.6000          -19.582      -27.352        7.770   313.1
9.7000          -20.469      -27.175        6.705   270.2
9.8000          -20.237      -27.597        7.359   296.5
9.9000          -21.010      -27.984        6.974   281.0
10.0000         -19.370      -26.936        7.566   304.9
10.1000         -20.653      -27.208        6.555   264.1
10.2000         -19.795      -27.354        7.559   304.6
10.3000         -19.680      -27.339        7.659   308.6
10.4000         -20.559      -27.244        6.685   269.4
10.5000         -20.127      -27.521        7.395   298.0
10.6000         -19.803      -26.920        7.117   286.8
10.7000         -20.266      -27.268        7.002   282.1
10.8000         -19.968      -26.999        7.031   283.3
10.9000         -20.109      -27.857        7.748   312.2
11.0000         -19.620      -27.318        7.698   310.2
11.1000         -20.227      -27.503        7.276   293.2
11.2000         -20.104      -27.563        7.458   300.5
11.3000         -20.342      -27.355        7.013   282.6
11.4000         -20.888      -27.871        6.983   281.4
11.5000         -20.368      -27.411        7.043   283.8
11.6000         -19.856      -26.984        7.128   287.2
11.7000         -20.641      -27.323        6.682   269.3
11.8000         -20.146      -27.357        7.211   290.6
11.9000         -20.363      -27.305        6.942   279.7
12.0000         -19.176      -27.207        8.031   323.6
12.1000         -20.517      -27.018        6.501   262.0
12.2000         -20.665      -27.602        6.937   279.5
12.3000         -19.265      -26.751        7.486   301.6
12.4000         -20.194      -27.075        6.881   277.3
12.5000         -20.136      -27.444        7.308   294.5
12.6000         -19.652      -27.001        7.348   296.1
12.7000         -20.666      -27.813        7.146   288.0
12.8000         -20.432      -27.339        6.908   278.3
12.9000         -20.139      -27.804        7.665   308.8
13.0000         -19.666      -27.221        7.555   304.4
13.1000         -20.555      -27.496        6.941   279.7
13.2000         -18.922      -26.713        7.791   313.9
13.3000         -20.534      -27.480        6.946   279.9
13.4000         -20.017      -26.999        6.983   281.4
13.5000         -20.291      -27.812        7.521   303.0
13.6000         -20.224      -27.515        7.291   293.8
13.7000         -20.788      -27.471        6.684   269.3
13.8000         -20.071      -27.642        7.571   305.1
13.9000         -20.313      -27.317        7.003   282.2
14.0000         -20.797      -27.137        6.340   255.4
14.1000         -19.383      -27.449        8.067   325.0
14.2000         -20.265      -27.564        7.299   294.1
14.3000         -20.783      -27.482        6.699   269.9
14.4000         -19.566      -26.871        7.305   294.3
14.5000         -20.341      -27.451        7.110   286.5
14.6000         -20.579      -28.033        7.454   300.4
14.7000         -20.070      -27.196        7.125   287.1
14.8000         -20.560      -27.680        7.120   286.9
14.9000         -20.886      -27.426        6.540   263.5
15.0000         -19.925      -27.689        7.764   312.8
15.1000         -21.070      -27.949        6.879   277.2
15.2000         -19.892      -28.143        8.251   332.5
15.3000         -20.476      -27.591        7.115   286.7
15.4000         -21.114      -27.713        6.599   265.9
15.5000         -20.965      -27.635        6.669   268.7
15.6000         -20.422      -27.862        7.440   299.8
15.7000         -20.116      -27.586        7.470   301.0
15.8000         -20.656      -27.508        6.851   276.1
15.9000         -19.215      -27.507        8.292   334.1
16.0000         -21.024      -27.445        6.421   258.7
16.1000         -19.608      -27.398        7.790   313.9
16.2000         -20.639      -27.567        6.928   279.2
16.3000         -20.736      -27.838        7.102   286.2
16.4000         -20.892      -27.923        7.031   283.3
16.5000         -20.411      -27.567        7.156   288.3
16.6000         -20.689      -27.775        7.086   285.5
16.7000         -19.646      -27.197        7.550   304.2
16.8000         -21.147      -27.829        6.682   269.2
16.9000         -19.800      -27.324        7.524   303.2
17.0000         -20.059      -27.304        7.245   291.9
17.1000         -21.355      -27.820        6.465   260.5
17.2000         -19.498      -27.400        7.901   318.4
17.3000         -21.589      -27.990        6.402   257.9
17.4000         -19.950      -27.199        7.250   292.1
17.5000         -19.479      -27.102        7.623   307.2
17.6000         -21.287      -27.843        6.557   264.2
17.7000         -19.314      -27.613        8.300   334.4
17.8000         -21.293      -27.809        6.516   262.6
17.9000         -20.722      -27.382        6.660   268.3
18.0000         -20.041      -27.404        7.364   296.7
18.1000         -20.918      -27.754        6.836   275.4
18.2000         -20.072      -27.982        7.910   318.7
18.3000         -20.563      -27.995        7.432   299.5
18.4000         -21.034      -27.830        6.796   273.8
18.5000         -20.099      -27.085        6.986   281.5
18.6000         -21.155      -27.979        6.824   275.0
18.7000         -19.838      -27.364        7.526   303.2
18.8000         -20.073      -27.592        7.519   303.0
18.9000         -21.250      -27.660        6.410   258.3
19.0000         -19.750      -27.452        7.701   310.3
19.1000         -19.909      -27.774        7.865   316.9
19.2000         -20.158      -27.216        7.058   284.4
19.3000         -19.614      -27.486        7.873   317.2
19.4000         -20.024      -27.456        7.432   299.5
19.5000         -20.777      -27.552        6.775   273.0
19.6000         -20.232      -27.604        7.372   297.0
19.7000         -19.712      -27.393        7.680   309.5
19.8000         -19.567      -27.339        7.772   313.2
19.9000         -21.449      -27.490        6.041   243.4
20.0000         -20.517      -27.666        7.149   288.0
20.1000         -19.942      -27.557        7.615   306.8
20.2000         -20.272      -27.512        7.240   291.7
20.3000         -19.731      -27.349        7.619   307.0
20.4000         -21.254      -28.330        7.076   285.1
20.5000         -19.454      -27.247        7.793   314.0
20.6000         -20.853      -27.423        6.569   264.7
20.7000         -20.329      -27.703        7.374   297.1
20.8000         -19.896      -27.484        7.588   305.8
20.9000         -21.044      -27.617        6.573   264.8
21.0000         -20.446      -27.452        7.006   282.3
21.1000         -20.002      -27.402        7.399   298.2
21.2000         -20.398      -27.809        7.411   298.6
21.3000         -20.885      -27.320        6.435   259.3
21.4000         -19.851      -27.189        7.339   295.7
21.5000         -21.072      -27.738        6.666   268.6
21.6000         -19.551      -26.872        7.320   295.0
21.7000         -20.125      -27.627        7.502   302.3
21.8000         -20.200      -27.400        7.200   290.1
21.9000         -19.823      -27.466        7.644   308.0
22.0000         -20.621      -27.554        6.933   279.3
22.1000         -19.839      -27.156        7.317   294.8
22.2000         -20.448      -27.253        6.805   274.2
22.3000         -19.178      -26.821        7.644   308.0
22.4000         -20.812      -27.511        6.699   269.9
22.5000         -20.458      -27.378        6.920   278.8
22.6000         -20.251      -27.934        7.683   309.6
22.7000         -20.421      -27.543        7.121   286.9
22.8000         -19.548      -27.305        7.757   312.5
22.9000         -21.047      -27.720        6.673   268.9
23.0000         -20.199      -27.377        7.178   289.2
23.1000         -20.553      -27.417        6.864   276.6
23.2000         -19.928      -27.482        7.555   304.4
23.3000         -20.653      -27.879        7.226   291.2
23.4000         -20.976      -27.497        6.521   262.7
23.5000         -19.438      -26.843        7.405   298.4
23.6000         -20.958      -27.786        6.828   275.1
23.7000         -19.108      -26.949        7.841   315.9
23.8000         -20.283      -27.542        7.259   292.5
23.9000         -20.179      -27.813        7.634   307.6
24.0000         -20.038      -27.345        7.306   294.4
24.1000         -20.434      -27.115        6.681   269.2
24.2000         -19.847      -27.057        7.210   290.5
24.3000         -20.596      -27.417        6.821   274.9
24.4000         -19.505      -27.112        7.606   306.5
24.5000         -19.680      -27.597        7.917   319.0
24.6000         -19.646      -26.812        7.166   288.7
24.7000         -19.920      -26.985        7.065   284.7
24.8000         -20.439      -26.982        6.542   263.6
24.9000         -19.701      -27.647        7.946   320.2
25.0000         -20.026      -27.320        7.294   293.9
25.1000         -19.885      -26.758        6.873   277.0
25.2000         -19.920      -27.355        7.435   299.6
25.3000         -20.233      -27.906        7.673   309.2
25.4000         -19.976      -27.733        7.758   312.6
25.5000         -20.281      -27.227        6.946   279.9
25.6000         -20.023      -27.441        7.419   298.9
25.7000         -19.435      -27.140        7.705   310.5
25.8000         -20.958      -27.427        6.468   260.6
25.9000         -19.381      -27.327        7.946   320.2
26.0000         -20.932      -27.878        6.946   279.9
26.1000         -19.563      -27.159        7.596   306.1
26.2000         -20.323      -27.157        6.834   275.4
26.3000         -19.719      -27.881        8.163   328.9
26.4000         -20.723      -27.269        6.545   263.7
26.5000         -20.672      -27.281        6.609   266.3
26.6000         -20.347      -27.556        7.209   290.5
26.7000         -19.832      -27.098        7.266   292.8
26.8000         -20.143      -27.373        7.230   291.3
26.9000         -20.602      -27.457        6.854   276.2
27.0000         -19.534      -27.030        7.496   302.0
27.1000         -19.762      -27.192        7.430   299.4
27.2000         -20.306      -27.357        7.052   284.1
27.3000         -19.394      -27.281        7.888   317.8
27.4000         -20.971      -27.641        6.669   268.7
27.5000         -20.266      -27.755        7.489   301.8
27.6000         -20.707      -28.004        7.297   294.0
27.7000         -20.718      -27.111        6.393   257.6
27.8000         -19.295      -27.246        7.952   320.4
27.9000         -21.116      -27.597        6.481   261.1
28.0000         -20.030      -27.566        7.535   303.6
28.1000         -19.804      -27.357        7.553   304.4
28.2000         -20.185      -27.928        7.743   312.0
28.3000         -20.389      -27.462        7.073   285.0
28.4000         -20.068      -27.215        7.148   288.0
28.5000         -20.920      -27.611        6.691   269.6
28.6000         -20.500      -27.500        7.000   282.1
28.7000         -19.574      -27.435        7.861   316.7
28.8000         -21.005      -27.768        6.763   272.5
28.9000         -19.211      -26.960        7.749   312.2
29.0000         -20.857      -27.346        6.489   261.5
29.1000         -20.123      -27.318        7.195   289.9
29.2000         -20.213      -27.486        7.273   293.1
29.3000         -20.564      -27.807        7.242   291.8
29.4000         -19.768      -27.535        7.767   313.0
29.5000         -20.464      -27.469        7.005   282.2
29.6000         -20.722      -27.448        6.726   271.0
29.7000         -20.058      -27.760        7.702   310.4
29.8000         -20.444      -27.552        7.108   286.4
29.9000         -19.332      -26.788        7.456   300.4
30.0000         -21.407      -27.911        6.505   262.1
30.1000         -19.792      -27.511        7.719   311.0
30.2000         -20.572      -27.774        7.202   290.2
30.3000         -20.238      -26.967        6.729   271.2
30.4000         -19.760      -27.549        7.789   313.8
30.5000         -20.857      -27.510        6.653   268.1
30.6000         -18.959      -27.216        8.257   332.7
30.7000         -21.044      -28.179        7.135   287.5
30.8000         -20.509      -27.585        7.076   285.1
30.9000         -20.291      -26.940        6.649   267.9
31.0000         -20.228      -27.565        7.337   295.7
31.1000         -20.263      -27.312        7.048   284.0
31.2000         -20.509      -27.594        7.085   285.5
31.3000         -19.788      -27.476        7.688   309.8
31.4000         -20.358      -27.552        7.193   289.8
31.5000         -19.765      -27.618        7.853   316.4
31.6000         -19.755      -27.301        7.546   304.0
31.7000         -19.823      -27.561        7.738   311.8
31.8000         -19.887      -26.846        6.959   280.4
31.9000         -20.199      -27.293        7.094   285.9
32.0000         -20.062      -27.520        7.458   300.5
32.1000         -19.949      -27.292        7.343   295.9
32.2000         -20.816      -27.243        6.428   259.0
32.3000         -19.191      -26.536        7.345   296.0
32.4000         -20.276      -27.414        7.137   287.6
32.5000         -19.345      -27.648        8.303   334.6
32.6000         -20.417      -27.642        7.225   291.1
32.7000         -21.289      -27.804        6.516   262.5
32.8000         -18.948      -26.684        7.735   311.7
32.9000         -21.418      -27.993        6.575   264.9
33.0000         -20.230      -27.415        7.185   289.5
33.1000         -20.632      -27.537        6.905   278.2
33.2000         -21.175      -27.647        6.472   260.8
33.3000         -18.634      -27.204        8.570   345.3
33.4000         -20.748      -27.512        6.763   272.5
33.5000         -20.893      -27.923        7.030   283.2
33.6000         -20.565      -27.585        7.021   282.9
33.7000         -19.958      -26.925        6.967   280.7
33.8000         -19.419      -27.161        7.742   311.9
33.9000         -21.149      -27.860        6.711   270.4
34.0000         -20.046      -27.414        7.367   296.8
34.1000         -20.616      -27.042        6.426   258.9
34.2000         -20.564      -27.720        7.156   288.3
34.3000         -19.757      -27.220        7.463   300.7
34.4000         -21.135      -27.681        6.546   263.8
34.5000         -19.726      -27.438        7.712   310.7
34.6000         -19.794      -27.326        7.531   303.5
34.7000         -20.422      -27.469        7.046   283.9
34.8000         -20.247      -27.473        7.226   291.2
34.9000         -19.835      -27.467        7.633   307.6
35.0000         -21.097      -27.524        6.427   259.0
35.1000         -18.642      -27.280        8.639   348.1
35.2000         -20.207      -27.707        7.500   302.2
35.3000         -20.100      -27.306        7.206   290.3
35.4000         -20.023      -27.042        7.019   282.8
35.5000         -20.215      -27.400        7.185   289.5
35.6000         -20.164      -27.378        7.214   290.7
35.7000         -20.251      -27.460        7.209   290.5
35.8000         -19.333      -26.639        7.306   294.4
35.9000         -21.016      -27.478        6.461   260.4
36.0000         -19.279      -26.695        7.416   298.8
36.1000         -20.581      -27.132        6.552   264.0
36.2000         -20.389      -27.116        6.727   271.0
36.3000         -19.915      -26.913        6.998   282.0
36.4000         -20.160      -27.194        7.034   283.4
36.5000         -19.150      -26.397        7.247   292.0
36.6000         -20.242      -27.373        7.131   287.3
36.7000         -19.238      -26.950        7.712   310.7
36.8000         -20.043      -27.202        7.158   288.4
36.9000         -19.930      -27.186        7.256   292.4
37.0000         -18.945      -26.846        7.901   318.4
37.1000         -20.651      -27.345        6.694   269.7
37.2000         -19.228      -26.572        7.344   295.9
37.3000         -20.263      -27.101        6.837   275.5
37.4000         -19.037      -27.006        7.968   321.1
37.5000         -20.440      -27.164        6.724   270.9
37.6000         -19.065      -26.368        7.302   294.2
37.7000         -20.001      -27.086        7.085   285.5
37.8000         -19.507      -26.753        7.246   292.0
37.9000         -19.888      -27.148        7.260   292.5
38.0000         -19.479      -26.894        7.415   298.8
38.1000         -20.169      -27.346        7.177   289.2
38.2000         -19.942      -26.965        7.023   283.0
38.3000         -19.658      -26.954        7.295   294.0
38.4000         -20.273      -27.466        7.193   289.8
38.5000         -18.825      -27.399        8.574   345.5
38.6000         -20.143      -26.981        6.838   275.5
38.7000         -18.885      -27.232        8.347   336.3
38.8000         -20.517      -27.638        7.121   286.9
38.9000         -19.278      -27.281        8.003   322.5
39.0000         -20.776      -27.532        6.757   272.2
39.1000         -19.914      -27.442        7.527   303.3
39.2000         -19.972      -27.168        7.196   289.9
39.3000         -20.442      -27.421        6.979   281.2
39.4000         -19.463      -27.398        7.934   319.7
39.5000         -20.413      -27.690        7.276   293.2
39.6000         -20.118      -27.246        7.128   287.2
39.7000         -20.216      -27.360        7.144   287.8
39.8000         -20.392      -27.250        6.859   276.4
39.9000         -19.806      -27.402        7.596   306.1
40.0000         -20.092      -27.427        7.335   295.6
40.1000         -20.351      -27.420        7.069   284.8
40.2000         -19.846      -27.190        7.344   295.9
40.3000         -20.394      -26.974        6.580   265.1
40.4000         -20.034      -27.632        7.598   306.1
40.5000         -20.149      -27.148        6.999   282.0
40.6000         -19.788      -27.207        7.418   298.9
40.7000         -20.655      -27.568        6.912   278.5
40.8000         -20.457      -27.565        7.107   286.4
40.9000         -20.093      -27.493        7.400   298.2
41.0000         -20.449      -27.807        7.358   296.5
41.1000         -20.088      -27.192        7.104   286.2
41.2000         -20.162      -27.824        7.663   308.8
41.3000         -20.947      -27.492        6.545   263.7
41.4000         -20.561      -28.029        7.468   300.9
41.5000         -19.322      -26.958        7.636   307.7
41.6000         -20.930      -27.489        6.559   264.3
41.7000         -19.730      -27.206        7.476   301.2
41.8000         -21.030      -27.027        5.996   241.6
41.9000         -20.358      -27.854        7.495   302.0
42.0000         -20.122      -27.381        7.259   292.5
42.1000         -20.541      -27.446        6.905   278.2
42.2000         -19.961      -27.162        7.202   290.2
42.3000         -20.522      -28.175        7.653   308.4
42.4000         -20.339      -27.497        7.159   288.4
42.5000         -19.993      -27.133        7.140   287.7
42.6000         -20.433      -27.176        6.743   271.7
42.7000         -20.077      -27.296        7.219   290.9
42.8000         -20.376      -27.895        7.519   303.0
42.9000         -20.296      -28.056        7.760   312.7
43.0000         -19.451      -27.038        7.587   305.7
43.1000         -20.662      -27.844        7.182   289.4
43.2000         -19.328      -27.038        7.709   310.6
43.3000         -20.464      -27.504        7.040   283.7
43.4000         -19.831      -27.382        7.550   304.2
43.5000         -19.815      -27.168        7.354   296.3
43.6000         -20.716      -27.675        6.960   280.4
43.7000         -19.719      -27.260        7.541   303.8
43.8000         -20.185      -27.257        7.072   284.9
43.9000         -20.437      -27.352        6.915   278.6
44.0000         -20.404      -27.470        7.066   284.7
44.1000         -19.192      -27.419        8.227   331.5
44.2000         -20.432      -27.255        6.823   274.9
44.3000         -19.496      -27.287        7.791   313.9
44.4000         -20.558      -27.349        6.791   273.6
44.5000         -20.285      -27.713        7.428   299.3
44.6000         -20.221      -27.610        7.389   297.7
44.7000         -20.175      -27.473        7.298   294.1
44.8000         -19.468      -27.201        7.732   311.6
44.9000         -20.295      -27.412        7.116   286.7
45.0000         -20.152      -27.427        7.274   293.1
45.1000         -19.258      -27.450        8.192   330.1
45.2000         -21.777      -28.004        6.227   250.9
45.3000         -19.077      -27.331        8.254   332.6
45.4000         -20.346      -27.583        7.238   291.6
45.5000         -20.466      -27.386        6.920   278.8
45.6000         -20.141      -27.813        7.672   309.1
45.7000         -20.517      -27.687        7.171   288.9
45.8000         -20.507      -27.567        7.059   284.4
45.9000         -19.776      -27.517        7.741   311.9
46.0000         -21.750      -27.724        5.974   240.7
46.1000         -18.993      -27.509        8.515   343.1
46.2000         -20.556      -27.493        6.937   279.5
46.3000         -20.061      -27.274        7.213   290.6
46.4000         -19.761      -27.267        7.505   302.4
46.5000         -21.537      -28.061        6.524   262.9
46.6000         -19.905      -27.332        7.427   299.3
46.7000         -21.068      -27.899        6.831   275.2
46.8000         -20.078      -27.845        7.767   312.9
46.9000         -21.364      -27.963        6.599   265.9
47.0000         -19.996      -27.488        7.492   301.9
47.1000         -20.299      -27.849        7.549   304.2
47.2000         -20.385      -27.620        7.235   291.5
47.3000         -20.385      -27.777        7.392   297.8
47.4000         -20.266      -27.742        7.476   301.2
47.5000         -19.675      -26.924        7.249   292.1
47.6000         -20.534      -27.692        7.158   288.4
47.7000         -20.629      -27.877        7.247   292.0
47.8000         -20.028      -27.251        7.224   291.1
47.9000         -20.669      -28.053        7.383   297.5
48.0000         -19.828      -27.766        7.937   319.8
48.1000         -20.609      -27.349        6.740   271.6
48.2000         -20.685      -27.727        7.042   283.7
48.3000         -19.188      -27.035        7.848   316.2
48.4000         -21.166      -28.268        7.101   286.1
48.5000         -20.641      -27.617        6.976   281.1
48.6000         -19.453      -27.389        7.936   319.8
48.7000         -21.396      -27.831        6.435   259.3
48.8000         -19.919      -27.458        7.539   303.8
48.9000         -20.653      -27.679        7.026   283.1
49.0000         -21.221      -27.852        6.630   267.2
49.1000         -19.892      -27.550        7.658   308.6
49.2000         -20.429      -27.846        7.417   298.8
49.3000         -20.321      -27.183        6.862   276.5
49.4000         -21.527      -28.256        6.729   271.1
49.5000         -20.723      -27.401        6.679   269.1
49.6000         -20.759      -27.885        7.126   287.1
49.7000         -20.386      -27.505        7.119   286.9
49.8000         -19.529      -27.735        8.205   330.6
49.9000         -20.083      -27.754        7.671   309.1
50.0000         -21.138      -27.690        6.552   264.0
50.1000         -19.654      -27.469        7.814   314.9
50.2000         -20.679      -27.739        7.060   284.5
50.3000         -20.769      -27.970        7.201   290.2
50.4000         -20.162      -27.562        7.401   298.2
50.5000         -19.791      -27.226        7.435   299.6
50.6000         -20.220      -27.316        7.096   285.9
50.7000         -20.613      -27.950        7.337   295.6
50.8000         -20.353      -27.321        6.968   280.8
50.9000         -20.898      -28.035        7.137   287.6
51.0000         -19.107      -27.437        8.330   335.7
51.1000         -20.916      -27.530        6.615   266.5
51.2000         -19.264      -27.323        8.059   324.7
51.3000         -19.749      -27.213        7.464   300.8
51.4000         -20.745      -27.453        6.708   270.3
51.5000         -19.926      -26.948        7.023   283.0
51.6000         -20.645      -27.324        6.678   269.1
51.7000         -18.883      -26.698        7.815   314.9
51.8000         -20.724      -27.253        6.529   263.1
51.9000         -19.830      -27.402        7.572   305.1
52.0000         -19.745      -27.090        7.345   295.9
52.1000         -20.291      -27.336        7.045   283.9
52.2000         -19.879      -27.251        7.372   297.0
52.3000         -20.598      -27.635        7.037   283.5
52.4000         -19.761      -27.296        7.535   303.6
52.5000         -19.772      -27.661        7.889   317.9
52.6000         -20.227      -27.199        6.972   280.9
52.7000         -20.153      -27.062        6.909   278.4
52.8000         -21.390      -27.779        6.389   257.4
52.9000         -19.544      -27.296        7.753   312.4
53.0000         -20.181      -27.401        7.220   290.9
53.1000         -20.892      -27.571        6.678   269.1
53.2000         -19.809      -27.173        7.365   296.7
53.3000         -20.298      -27.395        7.097   286.0
53.4000         -20.701      -27.902        7.201   290.1
53.5000         -19.697      -26.880        7.183   289.4
53.6000         -20.771      -27.267        6.496   261.8
53.7000         -18.555      -26.848        8.293   334.2
53.8000         -21.026      -27.681        6.655   268.2
53.9000         -20.153      -27.278        7.125   287.1
54.0000         -19.617      -27.056        7.439   299.7
54.1000         -20.452      -27.642        7.189   289.7
54.2000         -20.527      -27.357        6.830   275.2
54.3000         -19.822      -27.341        7.519   303.0
54.4000         -20.705      -27.712        7.007   282.3
54.5000         -19.816      -27.107        7.291   293.8
54.6000         -20.487      -27.359        6.873   276.9
54.7000         -19.442      -27.374        7.933   319.6
54.8000         -20.076      -27.852        7.776   313.3
54.9000         -20.651      -27.896        7.245   291.9
55.0000         -19.892      -26.898        7.007   282.3
55.1000         -20.737      -27.399        6.662   268.4
55.2000         -19.581      -27.073        7.491   301.9
55.3000         -20.042      -26.974        6.932   279.3
55.4000         -20.714      -27.727        7.013   282.6
55.5000         -20.208      -27.578        7.370   297.0
55.6000         -19.908      -27.433        7.525   303.2
55.7000         -20.628      -27.555        6.927   279.1
55.8000         -20.246      -27.382        7.136   287.6
55.9000         -20.664      -27.398        6.734   271.4
56.0000         -20.198      -27.409        7.211   290.6
56.1000         -20.411      -27.845        7.434   299.5
56.2000         -20.103      -27.581        7.478   301.3
56.3000         -19.736      -26.983        7.247   292.0
56.4000         -20.644      -28.063        7.419   298.9
56.5000         -20.077      -27.455        7.378   297.3
56.6000         -19.697      -27.083        7.386   297.6
56.7000         -20.242      -27.889        7.646   308.1
56.8000         -20.421      -26.995        6.573   264.9
56.9000         -19.523      -27.622        8.099   326.3
57.0000         -20.824      -28.022        7.198   290.0
57.1000         -20.296      -27.319        7.023   283.0
57.2000         -19.622      -26.927        7.305   294.3
57.3000         -21.044      -27.428        6.384   257.2
57.4000         -19.326      -27.358        8.032   323.6
57.5000         -21.003      -27.294        6.291   253.5
57.6000         -20.748      -27.480        6.732   271.3
57.7000         -20.035      -27.107        7.072   285.0
57.8000         -20.294      -27.324        7.030   283.2
57.9000         -19.866      -26.813        6.947   279.9
58.0000         -20.373      -27.079        6.706   270.2
58.1000         -19.808      -27.273        7.466   300.8
58.2000         -20.002      -27.239        7.237   291.6
58.3000         -20.863      -27.620        6.757   272.3
58.4000         -19.726      -27.406        7.681   309.5
58.5000         -21.568      -27.544        5.977   240.8
58.6000         -19.956      -27.448        7.492   301.9
58.7000         -19.318      -27.200        7.882   317.6
58.8000         -21.334      -27.606        6.272   252.7
58.9000         -19.796      -26.803        7.007   282.3
59.0000         -20.067      -27.387        7.321   295.0
59.1000         -21.274      -27.505        6.232   251.1
59.2000         -19.483      -26.895        7.412   298.7
59.3000         -19.710      -27.041        7.331   295.4
59.4000         -20.753      -27.723        6.971   280.9
59.5000         -19.503      -26.717        7.214   290.7
59.6000         -20.814      -27.716        6.902   278.1
59.7000         -19.252      -27.327        8.075   325.4
59.8000         -21.190      -27.498        6.308   254.2
59.9000         -20.411      -27.478        7.067   284.8
60.0000         -18.947      -27.028        8.080   325.6
60.1000         -21.471      -28.136        6.665   268.6
60.2000         -20.338      -27.884        7.545   304.0
60.3000         -20.009      -27.311        7.302   294.2
60.4000         -21.376      -28.185        6.808   274.3
60.5000         -19.772      -27.110        7.339   295.7
60.6000         -20.539      -27.452        6.913   278.5
60.7000         -20.417      -27.770        7.353   296.3
60.8000         -19.960      -27.028        7.068   284.8
60.9000         -20.657      -27.329        6.671   268.8
61.0000         -19.841      -27.585        7.744   312.0
61.1000         -20.631      -27.708        7.076   285.1
61.2000         -20.317      -27.577        7.260   292.5
61.3000         -20.067      -27.048        6.981   281.3
61.4000         -20.852      -27.726        6.874   277.0
61.5000         -19.944      -27.154        7.210   290.5
61.6000         -20.556      -27.580        7.024   283.0
61.7000         -19.821      -27.413        7.591   305.9
61.8000         -20.636      -28.001        7.365   296.8
61.9000         -21.079      -27.637        6.557   264.2
62.0000         -18.999      -27.050        8.051   324.4
62.1000         -21.394      -27.730        6.336   255.3
62.2000         -19.593      -27.058        7.465   300.8
62.3000         -20.710      -28.172        7.463   300.7
62.4000         -19.787      -27.316        7.529   303.4
62.5000         -20.679      -27.322        6.642   267.6
62.6000         -19.855      -27.426        7.570   305.0
62.7000         -20.696      -27.482        6.786   273.4
62.8000         -20.290      -27.471        7.180   289.3
62.9000         -20.495      -27.440        6.944   279.8
63.0000         -20.121      -27.621        7.500   302.2
63.1000         -19.678      -26.986        7.307   294.4
63.2000         -21.597      -28.204        6.607   266.2
63.3000         -19.416      -26.810        7.394   297.9
63.4000         -19.760      -27.408        7.648   308.1
63.5000         -20.984      -27.777        6.792   273.7
63.6000         -19.907      -27.605        7.698   310.2
63.7000         -21.542      -27.959        6.417   258.6
63.8000         -19.966      -27.666        7.700   310.3
63.9000         -20.301      -27.579        7.278   293.3
64.0000         -20.996      -27.777        6.781   273.2
64.1000         -20.533      -27.440        6.907   278.3
64.2000         -19.848      -27.597        7.749   312.2
64.3000         -20.417      -27.925        7.508   302.5
64.4000         -20.246      -27.725        7.479   301.3
64.5000         -20.498      -27.603        7.105   286.3
64.6000         -20.232      -27.374        7.142   287.8
64.7000         -20.706      -27.630        6.924   279.0
64.8000         -20.055      -27.572        7.517   302.9
64.9000         -20.147      -27.530        7.383   297.5
65.0000         -21.008      -27.731        6.722   270.9
65.1000         -20.565      -27.418        6.852   276.1
65.2000         -19.806      -27.296        7.490   301.8
65.3000         -20.385      -27.609        7.225   291.1
65.4000         -19.930      -27.266        7.336   295.6
65.5000         -20.665      -27.764        7.098   286.0
65.6000         -20.826      -27.710        6.884   277.4
65.7000         -20.400      -27.188        6.788   273.5
65.8000         -20.230      -27.672        7.443   299.9
65.9000         -20.658      -27.420        6.762   272.5
66.0000         -21.202      -27.956        6.754   272.1
66.1000         -19.741      -27.429        7.688   309.8
66.2000         -20.051      -27.589        7.538   303.7
66.3000         -20.872      -27.927        7.055   284.3
66.4000         -20.183      -27.715        7.532   303.5
66.5000         -19.923      -27.619        7.695   310.1
66.6000         -21.167      -27.591        6.424   258.8
66.7000         -19.433      -26.985        7.552   304.3
66.8000         -21.364      -27.617        6.253   252.0
66.9000         -19.656      -27.773        8.117   327.1
67.0000         -21.074      -28.115        7.041   283.7
67.1000         -20.836      -27.925        7.089   285.7
67.2000         -19.567      -26.882        7.315   294.8
67.3000         -20.857      -27.450        6.593   265.7
67.4000         -20.750      -28.305        7.555   304.4
67.5000         -20.012      -27.482        7.470   301.0
67.6000         -20.727      -27.920        7.192   289.8
67.7000         -20.359      -27.340        6.981   281.3
67.8000         -19.989      -27.266        7.277   293.2
67.9000         -20.772      -27.467        6.695   269.8
68.0000         -20.189      -27.451        7.262   292.6
68.1000         -20.281      -27.758        7.477   301.3
68.2000         -21.054      -28.199        7.145   287.9
68.3000         -19.572      -27.274        7.702   310.3
68.4000         -21.063      -27.766        6.703   270.1
68.5000         -20.073      -27.495        7.422   299.1
68.6000         -20.857      -27.830        6.973   281.0
68.7000         -20.144      -27.593        7.448   300.1
68.8000         -20.512      -27.497        6.985   281.5
68.9000         -20.334      -27.402        7.068   284.8
69.0000         -20.506      -27.556        7.050   284.1
69.1000         -19.898      -27.418        7.520   303.0
69.2000         -21.202      -27.544        6.342   255.5
69.3000         -20.569      -27.668        7.098   286.0
69.4000         -19.866      -27.280        7.413   298.7
69.5000         -21.780      -28.113        6.334   255.2
69.6000         -19.327      -27.412        8.085   325.8
69.7000         -20.131      -28.056        7.925   319.3
69.8000         -21.049      -27.814        6.765   272.6
69.9000         -19.357      -27.221        7.864   316.9
70.0000         -20.822      -27.210        6.389   257.4
70.1000         -19.703      -27.216        7.513   302.7
70.2000         -20.762      -27.837        7.076   285.1
70.3000         -19.481      -27.867        8.385   337.9
70.4000         -20.528      -27.945        7.417   298.9
70.5000         -21.134      -27.988        6.854   276.2
70.6000         -19.728      -27.328        7.600   306.2
70.7000         -20.873      -27.905        7.032   283.3
70.8000         -20.901      -27.850        6.950   280.0
70.9000         -19.545      -27.652        8.107   326.7
71.0000         -20.980      -27.807        6.827   275.1
71.1000         -21.228      -28.304        7.076   285.1
71.2000         -20.262      -27.572        7.310   294.6
71.3000         -21.053      -27.618        6.565   264.5
71.4000         -20.763      -27.718        6.955   280.3
71.5000         -19.763      -27.757        7.994   322.1
71.6000         -20.275      -27.337        7.063   284.6
71.7000         -19.955      -27.738        7.783   313.6
71.8000         -21.249      -27.904        6.655   268.1
71.9000         -19.721      -27.489        7.768   313.0
72.0000         -20.992      -28.068        7.076   285.1
72.1000         -21.164      -28.163        6.999   282.0
72.2000         -20.412      -27.841        7.429   299.3
72.3000         -20.654      -27.593        6.939   279.6
72.4000         -20.513      -27.797        7.284   293.5
72.5000         -20.296      -27.369        7.073   285.0
72.6000         -20.912      -27.794        6.882   277.3
72.7000         -20.186      -27.465        7.279   293.3
72.8000         -20.840      -27.973        7.133   287.4
72.9000         -19.994      -27.502        7.508   302.5
73.0000         -20.593      -27.703        7.110   286.5
73.1000         -20.450      -27.752        7.302   294.2
73.2000         -20.697      -27.489        6.792   273.7
73.3000         -21.077      -27.890        6.813   274.5
73.4000         -19.583      -26.931        7.347   296.1
73.5000         -20.985      -27.472        6.487   261.4
73.6000         -20.577      -27.833        7.256   292.4
73.7000         -20.349      -28.140        7.791   313.9
73.8000         -20.438      -27.980        7.542   303.9
73.9000         -20.221      -27.438        7.217   290.8
74.0000         -20.337      -27.431        7.094   285.9
74.1000         -20.552      -27.794        7.242   291.8
74.2000         -20.828      -27.994        7.166   288.8
74.3000         -20.242      -27.772        7.530   303.4
74.4000         -21.472      -28.317        6.845   275.8
74.5000         -19.498      -28.021        8.523   343.4
74.6000         -20.895      -27.758        6.863   276.5
74.7000         -20.637      -27.715        7.078   285.2
74.8000         -20.597      -28.021        7.424   299.1
74.9000         -20.445      -27.742        7.297   294.0
75.0000         -21.567      -27.982        6.415   258.5
75.1000         -20.424      -27.291        6.867   276.7
75.2000         -20.208      -27.876        7.668   309.0
75.3000         -20.515      -28.029        7.514   302.8
75.4000         -20.530      -27.759        7.229   291.3
75.5000         -19.569      -27.687        8.117   327.1
75.6000         -20.820      -27.471        6.651   268.0
75.7000         -20.230      -27.569        7.339   295.7
75.8000         -19.970      -27.435        7.465   300.8
75.9000         -21.037      -27.675        6.638   267.5
76.0000         -20.317      -27.299        6.981   281.3
76.1000         -20.217      -27.702        7.486   301.6
76.2000         -21.375      -27.895        6.520   262.7
76.3000         -20.078      -27.368        7.290   293.7
76.4000         -21.540      -28.000        6.460   260.3
76.5000         -20.357      -27.574        7.217   290.8
76.6000         -20.135      -27.794        7.659   308.6
76.7000         -20.322      -27.955        7.633   307.6
76.8000         -20.354      -27.226        6.872   276.9
76.9000         -20.703      -27.640        6.936   279.5
77.0000         -19.565      -26.938        7.373   297.1
77.1000         -19.903      -27.318        7.415   298.8
77.2000         -21.464      -28.166        6.702   270.0
77.3000         -20.090      -27.865        7.775   313.3
77.4000         -21.016      -27.784        6.768   272.7
77.5000         -20.661      -27.778        7.117   286.8
77.6000         -20.541      -28.012        7.472   301.1
77.7000         -21.422      -27.794        6.372   256.7
77.8000         -20.432      -28.076        7.643   308.0
77.9000         -20.198      -27.775        7.577   305.3
78.0000         -21.640      -28.375        6.735   271.4
78.1000         -19.821      -27.631        7.810   314.7
78.2000         -21.091      -27.734        6.643   267.7
78.3000         -20.478      -27.822        7.344   295.9
78.4000         -21.620      -28.301        6.681   269.2
78.5000         -20.145      -27.788        7.643   308.0
78.6000         -20.664      -27.509        6.844   275.8
78.7000         -20.453      -27.611        7.158   288.4
78.8000         -20.881      -28.176        7.295   294.0
78.9000         -20.504      -27.736        7.232   291.4
79.0000         -20.172      -27.733        7.561   304.7
79.1000         -20.473      -28.328        7.855   316.5
79.2000         -20.474      -27.788        7.313   294.7
79.3000         -20.689      -27.804        7.115   286.7
79.4000         -20.593      -27.648        7.055   284.3
79.5000         -20.760      -28.234        7.474   301.2
79.6000         -20.258      -28.041        7.783   313.6
79.7000         -19.995      -27.664        7.670   309.0
79.8000         -21.525      -28.030        6.505   262.1
79.9000         -19.417      -27.302        7.885   317.7
80.0000         -21.566      -28.539        6.974   281.0
80.1000         -20.601      -28.203        7.602   306.3
80.2000         -20.387      -27.648        7.261   292.6
80.3000         -21.308      -27.708        6.400   257.9
80.4000         -20.636      -27.834        7.198   290.0
80.5000         -20.761      -27.862        7.101   286.1
80.6000         -20.838      -27.887        7.049   284.0
80.7000         -20.863      -28.120        7.257   292.4
80.8000         -20.880      -27.806        6.926   279.1
80.9000         -20.110      -28.013        7.902   318.4
81.0000         -20.976      -27.708        6.731   271.2
81.1000         -20.242      -27.767        7.525   303.2
81.2000         -20.772      -28.005        7.234   291.5
81.3000         -21.463      -28.247        6.784   273.4
81.4000         -20.376      -27.547        7.171   289.0
81.5000         -20.779      -28.158        7.380   297.3
81.6000         -20.345      -27.755        7.410   298.6
81.7000         -20.395      -27.037        6.641   267.6
81.8000         -20.706      -27.233        6.528   263.0
81.9000         -20.528      -27.783        7.255   292.3
82.0000         -21.005      -27.669        6.664   268.5
82.1000         -20.674      -27.401        6.726   271.0
82.2000         -19.381      -27.401        8.020   323.1
82.3000         -21.773      -28.400        6.627   267.0
82.4000         -19.511      -27.599        8.088   325.9
82.5000         -21.305      -28.356        7.051   284.1
82.6000         -20.167      -27.223        7.055   284.3
82.7000         -19.675      -27.609        7.934   319.7
82.8000         -20.503      -27.672        7.169   288.9
82.9000         -20.570      -27.864        7.294   293.9
83.0000         -20.525      -27.886        7.361   296.6
83.1000         -20.349      -27.426        7.076   285.1
83.2000         -20.385      -27.200        6.815   274.6
83.3000         -20.058      -27.770        7.712   310.7
83.4000         -20.063      -27.760        7.697   310.2
83.5000         -20.770      -27.550        6.780   273.2
83.6000         -20.281      -27.503        7.223   291.0
83.7000         -21.082      -27.771        6.689   269.5
83.8000         -20.296      -27.891        7.595   306.0
83.9000         -21.024      -27.636        6.612   266.4
84.0000         -19.205      -27.135        7.930   319.5
84.1000         -21.125      -27.667        6.542   263.6
84.2000         -20.671      -27.896        7.226   291.1
84.3000         -20.671      -27.230        6.559   264.3
84.4000         -21.132      -27.886        6.754   272.2
84.5000         -20.187      -27.792        7.605   306.4
84.6000         -20.155      -27.664        7.510   302.6
84.7000         -20.697      -27.427        6.729   271.2
84.8000         -20.168      -27.377        7.210   290.5
84.9000         -19.993      -27.027        7.033   283.4
85.0000         -20.389      -27.279        6.889   277.6
85.1000         -19.383      -26.693        7.311   294.6
85.2000         -21.049      -27.539        6.490   261.5
85.3000         -18.892      -26.996        8.104   326.6
85.4000         -20.856      -27.503        6.647   267.8
85.5000         -20.524      -27.237        6.713   270.5
85.6000         -20.112      -26.972        6.860   276.4
85.7000         -20.668      -27.513        6.845   275.8
85.8000         -20.243      -27.273        7.030   283.3
85.9000         -20.453      -27.443        6.990   281.6
86.0000         -19.960      -27.511        7.551   304.3
86.1000         -20.581      -27.413        6.832   275.3
86.2000         -19.929      -26.861        6.932   279.3
86.3000         -21.153      -27.632        6.479   261.1
86.4000         -18.153      -26.995        8.842   356.3
86.5000         -21.217      -27.421        6.204   250.0
86.6000         -19.566      -27.147        7.580   305.4
86.7000         -20.404      -27.447        7.043   283.8
86.8000         -20.628      -27.170        6.542   263.6
86.9000         -18.882      -27.149        8.268   333.1
87.0000         -20.323      -27.200        6.877   277.1
87.1000         -19.549      -26.931        7.382   297.5
87.2000         -20.364      -27.412        7.048   284.0
87.3000         -20.504      -27.268        6.764   272.6
87.4000         -19.600      -26.671        7.070   284.9
87.5000         -19.791      -27.039        7.248   292.0
87.6000         -19.803      -27.336        7.533   303.5
87.7000         -20.257      -27.357        7.100   286.1
87.8000         -20.054      -27.534        7.480   301.4
87.9000         -19.448      -26.857        7.408   298.5
88.0000         -20.952      -27.733        6.780   273.2
88.1000         -18.965      -26.687        7.722   311.1
88.2000         -20.496      -27.202        6.706   270.2
88.3000         -19.973      -26.737        6.764   272.5
88.4000         -20.021      -27.495        7.474   301.2
88.5000         -19.890      -27.142        7.252   292.2
88.6000         -20.585      -27.061        6.476   260.9
88.7000         -19.587      -27.163        7.577   305.3
88.8000         -20.450      -27.378        6.927   279.1
88.9000         -20.514      -27.008        6.493   261.6
89.0000         -20.307      -27.276        6.969   280.8
89.1000         -20.025      -27.202        7.177   289.2
89.2000         -21.067      -27.687        6.620   266.7
89.3000         -18.944      -26.959        8.015   322.9
89.4000         -21.055      -27.608        6.553   264.0
89.5000         -20.139      -27.112        6.973   281.0
89.6000         -20.083      -27.609        7.526   303.2
89.7000         -20.181      -27.652        7.472   301.1
89.8000         -20.711      -27.077        6.367   256.5
89.9000         -19.600      -27.221        7.621   307.1
90.0000         -21.338      -27.761        6.423   258.8
90.1000         -19.308      -26.998        7.690   309.9
90.2000         -20.159      -26.976        6.817   274.7
90.3000         -20.624      -27.701        7.077   285.2
90.4000         -19.013      -27.335        8.322   335.3
90.5000         -20.983      -27.677        6.694   269.7
90.6000         -19.557      -27.163        7.606   306.5
90.7000         -20.168      -27.231        7.062   284.6
90.8000         -20.004      -27.103        7.099   286.1
90.9000         -19.988      -26.801        6.813   274.5
91.0000         -19.063      -27.448        8.384   337.8
91.1000         -20.453      -27.308        6.854   276.2
91.2000         -19.864      -26.827        6.963   280.6
91.3000         -19.954      -26.938        6.984   281.4
91.4000         -19.524      -27.011        7.487   301.7
91.5000         -19.110      -27.187        8.077   325.4
91.6000         -20.439      -27.204        6.765   272.6
91.7000         -19.901      -26.957        7.056   284.3
91.8000         -19.670      -27.091        7.421   299.0
91.9000         -19.409      -27.223        7.814   314.8
92.0000         -19.776      -27.103        7.328   295.3
92.1000         -20.279      -27.250        6.971   280.9
92.2000         -20.204      -27.572        7.368   296.9
92.3000         -19.371      -26.908        7.537   303.7
92.4000         -20.338      -27.457        7.119   286.8
92.5000         -19.429      -26.833        7.404   298.3
92.6000         -20.282      -27.436        7.154   288.3
92.7000         -21.118      -27.794        6.676   269.0
92.8000         -18.881      -26.631        7.751   312.3
92.9000         -20.973      -27.305        6.333   255.2
93.0000         -20.097      -27.722        7.625   307.2
93.1000         -20.541      -27.598        7.058   284.4
93.2000         -20.252      -27.181        6.929   279.2
93.3000         -20.400      -27.336        6.935   279.5
93.4000         -19.677      -26.973        7.295   294.0
93.5000         -20.095      -27.215        7.119   286.9
93.6000         -20.603      -27.227        6.624   266.9
93.7000         -19.606      -27.075        7.469   301.0
93.8000         -20.228      -27.332        7.104   286.2
93.9000         -20.083      -27.289        7.206   290.4
94.0000         -19.309      -26.922        7.612   306.7
94.1000         -20.896      -27.652        6.756   272.2
94.2000         -19.909      -27.121        7.213   290.6
94.3000         -20.004      -27.361        7.357   296.4
94.4000         -19.769      -27.211        7.442   299.9
94.5000         -20.130      -27.165        7.035   283.5
94.6000         -20.154      -27.122        6.967   280.7
94.7000         -18.563      -26.674        8.111   326.8
94.8000         -20.848      -27.580        6.732   271.3
94.9000         -18.819      -27.233        8.414   339.0
95.0000         -21.330      -27.567        6.237   251.3
95.1000         -18.784      -27.240        8.456   340.7
95.2000         -20.814      -27.401        6.587   265.4
95.3000         -19.452      -27.099        7.647   308.1
95.4000         -19.907      -27.190        7.283   293.5
95.5000         -21.284      -27.637        6.353   256.0
95.6000         -18.475      -26.201        7.726   311.3
95.7000         -21.038      -27.388        6.350   255.8
95.8000         -19.145      -26.873        7.728   311.4
95.9000         -19.630      -26.972        7.341   295.8
96.0000         -20.490      -27.300        6.811   274.4
96.1000         -19.940      -27.031        7.091   285.7
96.2000         -20.581      -27.378        6.797   273.9
96.3000         -19.525      -26.901        7.376   297.2
96.4000         -19.710      -26.836        7.126   287.1
96.5000         -19.646      -27.231        7.586   305.7
96.6000         -20.346      -26.894        6.548   263.9
96.7000         -19.428      -26.605        7.177   289.2
96.8000         -20.146      -27.241        7.095   285.9
96.9000         -20.477      -26.905        6.427   259.0
97.0000         -20.074      -27.034        6.960   280.4
97.1000         -19.657      -27.663        8.006   322.6
97.2000         -19.763      -26.926        7.163   288.6
97.3000         -19.809      -27.115        7.306   294.4
97.4000         -20.269      -27.260        6.991   281.7
97.5000         -19.074      -27.329        8.255   332.6
97.6000         -20.405      -27.350        6.945   279.8
97.7000         -19.848      -27.247        7.399   298.1
97.8000         -20.182      -27.232        7.049   284.0
97.9000         -20.684      -27.410        6.727   271.1
98.0000         -19.803      -27.089        7.286   293.6
98.1000         -20.123      -27.127        7.004   282.2
98.2000         -20.451      -27.744        7.292   293.8
98.3000         -19.694      -27.243        7.549   304.2
98.4000         -19.053      -26.972        7.919   319.1
98.5000         -20.447      -27.096        6.649   267.9
98.6000         -20.023      -27.556        7.532   303.5
98.7000         -19.309      -26.906        7.597   306.1
98.8000         -20.379      -27.612        7.233   291.4
98.9000         -19.312      -26.810        7.498   302.1
99.0000         -20.566      -27.605        7.039   283.6
99.1000         -19.462      -26.961        7.499   302.2
99.2000         -20.223      -27.442        7.219   290.9
99.3000         -19.673      -27.162        7.489   301.8
99.4000         -19.424      -27.198        7.774   313.3
99.5000         -20.601      -27.010        6.409   258.3
99.6000         -20.288      -26.945        6.657   268.2
99.7000         -19.129      -27.618        8.490   342.1
99.8000         -20.210      -27.391        7.181   289.4
99.9000         -19.927      -27.237        7.310   294.6
100.0000        -19.775      -27.038        7.263   292.7
100.1000        -20.573      -27.543        6.971   280.9
100.2000        -19.784      -27.238        7.454   300.4
100.3000        -19.493      -27.318        7.826   315.3
100.4000        -20.696      -27.559        6.863   276.5
100.5000        -20.638      -27.874        7.236   291.6
100.6000        -19.304      -27.107        7.803   314.4
100.7000        -19.875      -26.952        7.077   285.2
100.8000        -20.428      -27.283        6.855   276.2
100.9000        -19.158      -27.323        8.165   329.0
101.0000        -19.667      -27.244        7.577   305.3
101.1000        -20.908      -27.822        6.914   278.6
101.2000        -20.257      -27.309        7.052   284.1
101.3000        -19.235      -26.738        7.503   302.3
101.4000        -20.584      -27.437        6.853   276.1
101.5000        -19.326      -27.205        7.879   317.5
101.6000        -18.731      -26.792        8.060   324.8
101.7000        -20.011      -27.181        7.171   288.9
101.8000        -19.777      -27.069        7.292   293.8
101.9000        -19.905      -26.890        6.985   281.4
102.0000        -19.631      -27.101        7.470   301.0
102.1000        -19.149      -26.984        7.835   315.7
102.2000        -20.125      -26.938        6.813   274.5
102.3000        -19.697      -26.573        6.876   277.1
102.4000        -19.844      -27.121        7.277   293.2
102.5000        -20.665      -27.381        6.716   270.6
102.6000        -19.083      -26.676        7.593   305.9
102.7000        -19.615      -26.880        7.265   292.7
102.8000        -19.562      -27.154        7.592   305.9
102.9000        -19.701      -26.855        7.154   288.3
103.0000        -20.566      -27.077        6.511   262.3
103.1000        -19.073      -26.769        7.696   310.1
103.2000        -19.969      -27.213        7.244   291.9
103.3000        -20.628      -27.399        6.772   272.9
103.4000        -19.126      -26.904        7.778   313.4
103.5000        -20.077      -27.372        7.295   293.9
103.6000        -20.425      -27.982        7.556   304.5
103.7000        -19.610      -27.226        7.615   306.9
103.8000        -20.103      -27.102        6.999   282.0
103.9000        -19.621      -26.448        6.827   275.1
104.0000        -19.293      -27.038        7.744   312.0
104.1000        -20.008      -27.102        7.094   285.9
104.2000        -20.298      -26.938        6.640   267.6
104.3000        -19.913      -27.089        7.176   289.1
104.4000        -19.410      -26.818        7.408   298.5
104.5000        -19.411      -26.966        7.555   304.4
104.6000        -20.353      -27.540        7.188   289.6
104.7000        -19.441      -26.852        7.411   298.6
104.8000        -19.878      -27.162        7.284   293.5
104.9000        -19.632      -27.071        7.440   299.8
105.0000        -19.634      -27.185        7.551   304.3
105.1000        -19.993      -27.159        7.166   288.7
105.2000        -19.697      -26.756        7.059   284.4
105.3000        -20.262      -27.302        7.039   283.6
105.4000        -20.625      -27.748        7.124   287.0
105.5000        -19.287      -26.987        7.700   310.2
105.6000        -20.975      -27.529        6.554   264.1
105.7000        -20.039      -27.559        7.520   303.0
105.8000        -20.000      -27.280        7.280   293.3
105.9000        -20.401      -27.634        7.233   291.4
106.0000        -19.765      -27.230        7.465   300.8
106.1000        -19.685      -27.295        7.610   306.6
106.2000        -21.221      -27.491        6.270   252.6
106.3000        -19.605      -26.893        7.288   293.7
106.4000        -19.755      -27.338        7.583   305.6
106.5000        -20.973      -27.835        6.862   276.5
106.6000        -19.411      -27.160        7.749   312.2
106.7000        -20.198      -27.428        7.230   291.3
106.8000        -20.178      -27.324        7.146   287.9
106.9000        -20.998      -27.760        6.762   272.5
107.0000        -20.000      -27.417        7.417   298.9
107.1000        -19.305      -27.552        8.247   332.3
107.2000        -20.701      -27.625        6.924   279.0
107.3000        -20.215      -26.992        6.777   273.1
107.4000        -21.239      -27.709        6.471   260.7
107.5000        -20.018      -27.275        7.257   292.4
107.6000        -20.026      -27.291        7.265   292.7
107.7000        -20.791      -27.880        7.090   285.7
107.8000        -20.153      -27.127        6.974   281.0
107.9000        -20.278      -27.485        7.207   290.4
108.0000        -19.540      -27.313        7.773   313.2
108.1000        -20.648      -27.588        6.940   279.7
108.2000        -19.594      -27.426        7.832   315.6
108.3000        -20.273      -26.956        6.683   269.3
108.4000        -20.295      -27.282        6.987   281.5
108.5000        -19.871      -27.615        7.743   312.0
108.6000        -19.919      -27.651        7.732   311.6
108.7000        -20.571      -27.349        6.778   273.1
108.8000        -20.635      -27.555        6.920   278.8
108.9000        -19.861      -27.755        7.894   318.1
109.0000        -21.248      -27.641        6.392   257.6
109.1000        -19.169      -26.947        7.778   313.4
109.2000        -20.271      -27.419        7.148   288.0
109.3000        -20.664      -27.073        6.409   258.2
109.4000        -19.907      -26.792        6.885   277.4
109.5000        -19.881      -26.963        7.082   285.4
109.6000        -19.277      -26.913        7.636   307.7
109.7000        -21.241      -27.575        6.333   255.2
109.8000        -19.787      -27.321        7.534   303.6
109.9000        -19.456      -27.372        7.916   319.0
110.0000        -21.620      -28.065        6.445   259.7
110.1000        -18.821      -27.217        8.396   338.3
110.2000        -19.930      -26.553        6.623   266.9
110.3000        -20.756      -27.745        6.989   281.6
110.4000        -18.836      -26.974        8.138   327.9
110.5000        -20.955      -27.283        6.328   255.0
110.6000        -19.992      -27.622        7.631   307.5
110.7000        -20.249      -27.652        7.404   298.3
110.8000        -19.743      -26.997        7.254   292.3
110.9000        -20.553      -27.498        6.945   279.8
111.0000        -19.598      -27.436        7.839   315.9
111.1000        -20.226      -27.917        7.691   309.9
111.2000        -20.296      -27.473        7.177   289.2
111.3000        -20.359      -27.526        7.167   288.8
111.4000        -20.647      -27.499        6.853   276.1
111.5000        -19.003      -27.134        8.130   327.6
111.6000        -20.400      -27.657        7.257   292.4
111.7000        -20.923      -27.465        6.542   263.6
111.8000        -19.457      -27.319        7.862   316.8
111.9000        -20.131      -26.912        6.781   273.2
112.0000        -19.924      -27.459        7.535   303.6
112.1000        -20.505      -27.615        7.109   286.5
112.2000        -20.828      -27.164        6.336   255.3
112.3000        -18.940      -27.213        8.273   333.3
112.4000        -19.713      -27.223        7.510   302.6
112.5000        -20.929      -27.685        6.756   272.2
112.6000        -19.538      -26.777        7.239   291.7
112.7000        -20.395      -27.589        7.193   289.8
112.8000        -20.049      -27.030        6.981   281.3
112.9000        -19.864      -27.229        7.365   296.7
113.0000        -20.113      -27.164        7.050   284.1
113.1000        -19.528      -27.222        7.693   310.0
113.2000        -20.702      -27.573        6.872   276.9
113.3000        -19.193      -26.738        7.544   304.0
113.4000        -21.022      -27.474        6.452   260.0
113.5000        -19.618      -26.978        7.359   296.5
113.6000        -19.281      -26.840        7.559   304.6
113.7000        -20.830      -27.447        6.616   266.6
113.8000        -19.876      -27.161        7.285   293.5
113.9000        -20.047      -27.327        7.280   293.4
114.0000        -20.392      -26.935        6.543   263.6
114.1000        -19.304      -27.373        8.069   325.1
114.2000        -20.823      -27.530        6.707   270.2
114.3000        -20.075      -27.001        6.926   279.1
114.4000        -19.596      -26.998        7.402   298.3
114.5000        -20.136      -27.016        6.880   277.2
114.6000        -20.450      -27.865        7.414   298.8
114.7000        -19.806      -27.508        7.702   310.4
114.8000        -20.166      -27.420        7.254   292.3
114.9000        -19.915      -27.519        7.604   306.4
115.0000        -19.656      -27.332        7.676   309.3
115.1000        -20.731      -27.885        7.154   288.3
115.2000        -20.256      -27.623        7.366   296.8
115.3000        -19.864      -26.896        7.032   283.4
115.4000        -21.418      -27.804        6.386   257.3
115.5000        -18.964      -27.464        8.500   342.5
115.6000        -20.697      -27.687        6.990   281.6
115.7000        -20.498      -27.687        7.189   289.7
115.8000        -19.821      -27.376        7.555   304.4
115.9000        -20.554      -27.120        6.566   264.6
116.0000        -20.158      -27.477        7.319   294.9
116.1000        -20.697      -27.794        7.097   286.0
116.2000        -19.877      -27.422        7.546   304.0
116.3000        -20.758      -27.373        6.615   266.5
116.4000        -19.545      -27.189        7.644   308.0
116.5000        -20.077      -27.552        7.474   301.2
116.6000        -20.225      -27.642        7.416   298.8
116.7000        -20.043      -27.516        7.473   301.1
116.8000        -19.749      -27.423        7.674   309.2
116.9000        -19.966      -27.553        7.587   305.7
117.0000        -20.772      -27.541        6.769   272.8
117.1000        -19.702      -26.974        7.272   293.0
117.2000        -20.024      -27.284        7.260   292.5
117.3000        -20.700      -27.453        6.753   272.1
117.4000        -19.482      -27.420        7.939   319.9
117.5000        -20.153      -27.497        7.344   295.9
117.6000        -20.054      -27.304        7.250   292.1
117.7000        -19.782      -27.368        7.586   305.7
117.8000        -21.424      -27.612        6.187   249.3
117.9000        -18.917      -26.702        7.785   313.7
118.0000        -20.190      -27.459        7.269   292.9
118.1000        -20.127      -27.140        7.013   282.6
118.2000        -19.491      -26.977        7.486   301.6
118.3000        -20.371      -27.591        7.220   290.9
118.4000        -19.314      -26.866        7.553   304.3
118.5000        -20.662      -27.550        6.888   277.5
118.6000        -19.730      -27.279        7.549   304.2
118.7000        -20.360      -27.545        7.185   289.5
118.8000        -20.278      -27.168        6.890   277.6
118.9000        -20.166      -27.571        7.405   298.4
119.0000        -19.071      -27.328        8.257   332.7
119.1000        -20.821      -27.578        6.757   272.3
119.2000        -19.726      -26.807        7.082   285.3
119.3000        -19.912      -27.356        7.443   299.9
119.4000        -21.053      -27.779        6.726   271.0
119.5000        -19.648      -26.989        7.341   295.8
119.6000        -20.419      -27.578        7.159   288.4
119.7000        -20.553      -27.739        7.186   289.5
119.8000        -19.490      -26.756        7.266   292.8
119.9000        -20.286      -27.585        7.299   294.1
120.0000        -20.076      -27.316        7.240   291.7
120.1000        -20.770      -28.005        7.235   291.5
120.2000        -20.793      -27.739        6.947   279.9
120.3000        -20.122      -27.355        7.233   291.4
120.4000        -20.551      -27.453        6.902   278.1
120.5000        -20.508      -27.724        7.216   290.8
120.6000        -20.102      -27.352        7.250   292.1
120.7000        -20.796      -27.536        6.739   271.6
120.8000        -19.698      -27.482        7.784   313.6
120.9000        -20.818      -28.279        7.461   300.6
121.0000        -19.935      -27.454        7.519   303.0
121.1000        -20.360      -27.096        6.736   271.4
121.2000        -20.421      -27.088        6.667   268.6
121.3000        -19.832      -27.826        7.995   322.1
121.4000        -20.186      -27.191        7.005   282.3
121.5000        -20.532      -27.616        7.084   285.4
121.6000        -20.810      -27.498        6.689   269.5
121.7000        -20.268      -27.391        7.124   287.0
121.8000        -20.188      -27.157        6.968   280.8
121.9000        -20.149      -27.535        7.386   297.6
122.0000        -20.224      -27.220        6.996   281.9
122.1000        -19.813      -27.186        7.373   297.1
122.2000        -20.299      -27.429        7.130   287.3
122.3000        -19.928      -27.537        7.608   306.6
122.4000        -21.090      -27.535        6.446   259.7
122.5000        -19.580      -27.001        7.421   299.0
122.6000        -19.691      -27.243        7.552   304.3
122.7000        -20.098      -27.387        7.288   293.7
122.8000        -19.955      -27.175        7.221   290.9
122.9000        -19.923      -27.286        7.363   296.7
123.0000        -19.687      -26.717        7.030   283.3
123.1000        -18.979      -26.464        7.485   301.6
123.2000        -20.696      -27.133        6.436   259.3
123.3000        -19.570      -27.150        7.581   305.4
123.4000        -19.537      -27.273        7.735   311.7
123.5000        -20.076      -26.795        6.718   270.7
123.6000        -19.685      -27.215        7.530   303.4
123.7000        -20.434      -27.376        6.942   279.7
123.8000        -19.101      -26.822        7.721   311.1
123.9000        -20.142      -27.295        7.153   288.2
124.0000        -20.192      -26.849        6.657   268.2
124.1000        -18.502      -26.851        8.348   336.4
124.2000        -20.347      -27.213        6.866   276.7
124.3000        -19.912      -27.208        7.296   294.0
124.4000        -19.175      -26.767        7.591   305.9
124.5000        -20.661      -27.413        6.752   272.1
124.6000        -19.961      -26.813        6.853   276.1
124.7000        -20.108      -27.116        7.008   282.4
124.8000        -19.966      -27.048        7.082   285.4
124.9000        -19.909      -27.017        7.108   286.4
125.0000        -19.897      -27.316        7.419   298.9
125.1000        -20.834      -27.345        6.510   262.3
125.2000        -18.880      -26.709        7.829   315.4
125.3000        -20.983      -27.290        6.307   254.1
125.4000        -20.396      -27.686        7.290   293.8
125.5000        -19.626      -26.822        7.197   290.0
125.6000        -20.540      -27.072        6.532   263.2
125.7000        -19.101      -27.492        8.392   338.1
125.8000        -21.070      -28.043        6.973   281.0
125.9000        -19.995      -27.327        7.333   295.5
126.0000        -19.971      -27.226        7.255   292.3
126.1000        -19.056      -27.059        8.003   322.5
126.2000        -20.086      -27.115        7.029   283.2
126.3000        -19.809      -27.151        7.343   295.9
126.4000        -19.342      -27.099        7.756   312.5
126.5000        -19.953      -26.880        6.927   279.1
126.6000        -19.515      -26.956        7.440   299.8
126.7000        -19.383      -26.689        7.306   294.4
126.8000        -19.376      -26.733        7.358   296.5
126.9000        -18.833      -26.446        7.613   306.7
127.0000        -19.841      -26.954        7.113   286.6
127.1000        -19.121      -27.102        7.980   321.6
127.2000        -19.325      -27.220        7.895   318.1
127.3000        -20.708      -27.419        6.711   270.4
127.4000        -21.038      -27.509        6.471   260.7
127.5000        -20.018      -27.299        7.281   293.4
127.6000        -19.654      -27.578        7.924   319.3
127.7000        -20.521      -27.469        6.947   279.9
127.8000        -19.624      -27.371        7.747   312.2
127.9000        -19.775      -26.958        7.182   289.4
128.0000        -20.188      -27.311        7.123   287.0
128.1000        -19.329      -27.240        7.912   318.8
128.2000        -20.292      -27.506        7.214   290.7
128.3000        -19.959      -26.974        7.015   282.7
128.4000        -19.382      -27.347        7.965   320.9
128.5000        -20.662      -27.419        6.757   272.3
128.6000        -20.072      -27.245        7.174   289.1
128.7000        -20.241      -27.491        7.251   292.2
128.8000        -18.572      -26.942        8.370   337.3
128.9000        -20.354      -27.427        7.073   285.0
129.0000        -20.012      -27.113        7.101   286.1
129.1000        -19.512      -26.882        7.371   297.0
129.2000        -19.832      -26.639        6.807   274.3
129.3000        -18.979      -26.457        7.478   301.3
129.4000        -19.712      -26.950        7.238   291.7
129.5000        -19.136      -26.625        7.488   301.7
129.6000        -20.531      -27.210        6.679   269.1
129.7000        -20.693      -26.656        5.963   240.3
129.8000        -19.527      -27.128        7.601   306.3
129.9000        -20.427      -26.993        6.566   264.6
130.0000        -19.878      -27.040        7.162   288.6
130.1000        -18.774      -26.625        7.851   316.3
130.2000        -20.198      -26.943        6.745   271.8
130.3000        -19.480      -26.631        7.151   288.1
130.4000        -19.330      -26.334        7.004   282.2
130.5000        -19.898      -26.393        6.494   261.7
130.6000        -18.945      -26.675        7.730   311.5
130.7000        -19.826      -27.085        7.258   292.5
130.8000        -20.316      -27.042        6.726   271.0
130.9000        -18.925      -26.771        7.847   316.2
131.0000        -19.999      -26.760        6.761   272.4
131.1000        -19.822      -26.675        6.853   276.1
131.2000        -19.092      -26.916        7.824   315.3
131.3000        -19.898      -26.782        6.884   277.4
131.4000        -19.427      -26.723        7.296   294.0
131.5000        -19.034      -26.972        7.938   319.8
131.6000        -19.475      -26.506        7.030   283.3
131.7000        -20.563      -27.366        6.803   274.1
131.8000        -19.844      -26.874        7.030   283.3
131.9000        -19.622      -26.654        7.032   283.3
132.0000        -19.306      -26.760        7.454   300.4
132.1000        -19.484      -26.851        7.368   296.9
132.2000        -19.755      -27.237        7.482   301.5
132.3000        -19.650      -26.823        7.172   289.0
132.4000        -19.904      -27.036        7.132   287.4
132.5000        -19.350      -26.478        7.128   287.2
132.6000        -19.410      -27.224        7.814   314.9
132.7000        -20.309      -27.056        6.747   271.9
132.8000        -19.731      -26.867        7.136   287.5
132.9000        -19.586      -27.066        7.481   301.4
133.0000        -19.163      -26.764        7.600   306.2
133.1000        -20.195      -27.393        7.198   290.0
133.2000        -20.167      -27.104        6.937   279.5
133.3000        -19.789      -26.972        7.182   289.4
133.4000        -19.864      -27.234        7.371   297.0
133.5000        -19.016      -27.083        8.067   325.1
133.6000        -20.521      -27.059        6.537   263.4
133.7000        -19.799      -26.884        7.085   285.5
133.8000        -19.826      -27.350        7.524   303.2
133.9000        -20.570      -27.493        6.923   278.9
134.0000        -19.925      -27.286        7.361   296.6
134.1000        -19.912      -27.610        7.699   310.2
134.2000        -19.849      -26.991        7.143   287.8
134.3000        -20.114      -27.231        7.117   286.8
134.4000        -20.130      -27.818        7.688   309.8
134.5000        -20.197      -27.726        7.529   303.4
134.6000        -20.928      -27.554        6.627   267.0
134.7000        -19.709      -26.904        7.194   289.9
134.8000        -19.853      -27.201        7.348   296.1
134.9000        -21.155      -27.592        6.437   259.4
135.0000        -20.853      -27.976        7.123   287.0
135.1000        -20.074      -27.627        7.553   304.3
135.2000        -20.495      -27.896        7.401   298.2
135.3000        -19.827      -27.649        7.822   315.2
135.4000        -20.703      -27.900        7.196   290.0
135.5000        -20.116      -27.614        7.498   302.1
135.6000        -20.481      -27.322        6.841   275.7
135.7000        -20.978      -27.313        6.335   255.2
135.8000        -19.682      -27.242        7.560   304.6
135.9000        -19.685      -27.431        7.746   312.1
136.0000        -20.163      -27.583        7.420   299.0
136.1000        -20.467      -27.996        7.530   303.4
136.2000        -20.507      -27.258        6.750   272.0
136.3000        -19.506      -27.468        7.962   320.8
136.4000        -20.219      -27.317        7.099   286.0
136.5000        -21.155      -28.147        6.992   281.7
136.6000        -19.779      -27.246        7.467   300.9
136.7000        -19.692      -27.015        7.323   295.1
136.8000        -20.814      -27.475        6.662   268.4
136.9000        -19.132      -27.370        8.238   331.9
137.0000        -21.089      -27.838        6.749   271.9
137.1000        -20.184      -27.211        7.027   283.1
137.2000        -20.434      -27.470        7.036   283.5
137.3000        -18.930      -27.156        8.226   331.4
